Lmod has detected the following error: The following module(s) are unknown:
"RstatsPackages"

Please check the spelling or version number. Also try "module spider ..."
It is also possible your cache file is out-of-date; it may help to try:
  $ module --ignore-cache load "RstatsPackages"

Also make sure that all modulefiles written in TCL start with the string
#%Module



trying URL 'https://cran.microsoft.com/src/contrib/qqman_0.1.8.tar.gz'
Content type 'application/octet-stream' length 1341458 bytes (1.3 MB)
==================================================
downloaded 1.3 MB

* installing *source* package ‘qqman’ ...
** package ‘qqman’ successfully unpacked and MD5 sums checked
** using staged installation
** R
** data
*** moving datasets to lazyload DB
** inst
** byte-compile and prepare package for lazy loading
** help
*** installing help indices
** building package indices
** installing vignettes
** testing if installed package can be loaded from temporary location
** testing if installed package can be loaded from final location
** testing if installed package keeps a record of temporary installation path
* DONE (qqman)

The downloaded source packages are in
	‘/tmp/Rtmpma9Yrw/downloaded_packages’

For example usage please run: vignette('qqman')

Citation appreciated but not required:
Turner, (2018). qqman: an R package for visualizing GWAS results using Q-Q and manhattan plots. Journal of Open Source Software, 3(25), 731, https://doi.org/10.21105/joss.00731.

Error in qq(results_log$P, main = "Q-Q plot of GWAS p-values for Height") : 
  Input must be numeric.
Execution halted
